Case #1: 1
Case #2: 2 1
Case #3: 1 2 3
Case #4: 1 4 3 2 5
Case #5: 1 4 3 2 5
Case #6: -63 -41 -23 31 73 93 80 60 58 36 32 4 -14 -22 -64 -70 -80
Case #7: -99 -99 96 90 -99 -91 -89 -69 -63 -51 78 -47 -31 -31 74 -25 -25 -21 52 50 50 48 -19 44 5 34 32 27 24 31 33 22 18 18 16 14 39 45 45 45 51 53 10 55 4 57 57 63 77 81 81 0 0 0 -8 -10 -14 -18 -18 -20 -24 -26 -30 -32 -34 -40 -42 -46 -46 -48 -52 -64 -72 -78 -88 -90 -92 -96 -98 -100 -100
Case #8: -99 -83 100 88 -63 -47 -39 86 76 -25 -25 -21 74 74 1 9 64 48 23 25 27 44 29 42 35 38 49 61 67 75 99 32 30 30 28 26 18 4 0 0 -12 -14 -16 -34 -38 -48 -48 -52 -56 -74 -82 -96
Case #9: 60 -91 -81 -67 -31 58 -25 32 28 -21 0 -19 -17 0 -2 -8 -8 -11 -9 -46 -5 -48 -50 17 -50 23 -54 27 29 53 -54 -66 59 65 -68 -70 -74 81 93 95 -80 -84 -90 -90
Case #10: -83 -75 94 88 70 -73 -71 -63 -63 -45 70 46 46 -31 -29 -27 36 -19 32 -3 28 23 18 23 35 35 12 41 -2 61 61 73 89 93 -16 -42 -82 -92 -96 -100
Case #11: -89 -89 -87 -83 -79 -77 -75 -73 -63 -57 -45 94 -39 92 -7 7 7 88 11 15 82 80 43 47 51 51 76 55 61 61 68 63 69 71 68 77 83 87 91 95 48 46 44 38 32 20 16 10 0 0 0 0 0 -4 -6 -10 -18 -24 -34 -36 -52 -54 -66 -72 -74 -82 -90 -94 -96
Case #12: 90 90 -97 88 -91 -71 -71 -69 86 -67 -67 -65 -61 86 -61 78 -55 74 -55 -51 74 68 -47 54 48 -45 -39 -37 -37 48 -31 44 -29 -25 -17 40 -5 -1 1 5 38 36 13 13 19 22 35 37 47 51 20 53 69 69 12 71 79 6 79 2 87 0 -2 -4 -16 -20 -24 -26 -28 -40 -46 -56 -62 -86 -90 -90 -92 -92 -98 -98 -100 -100
Case #13: -99 -73 76 -53 -53 -49 -49 74 -35 -31 72 64 -19 -3 -1 7 60 60 23 56 27 37 63 77 79 52 83 46 40 26 16 16 10 2 -2 -16 -20 -20 -26 -64 -90 -90 -90 -98
Case #14: -43 -17 9 79 34 -58
Case #15: -97 94 -95 -91 94 94 -73 -73 88 84 80 -55 78 -55 -55 74 -51 -47 -45 62 54 30 22 -39 -33 -5 20 -3 33 6 39 43 51 0 0 57 61 91 95 0 97 97 97 99 -2 -22 -24 -26 -40 -50 -60 -66 -70 -72 -98 -98
Case #16: -87 -85 98 96 -85 90 -85 88 -85 -83 -71 88 80 -61 -57 -49 78 76 -45 -45 72 -39 -33 -27 -25 -23 -9 -9 68 68 -7 56 54 48 -3 -1 46 1 46 3 3 3 3 11 11 17 19 31 31 31 35 37 43 44 43 47 49 51 55 57 42 57 40 63 67 79 81 34 22 18 83 89 16 14 12 91 95 12 95 8 0 0 -4 -4 -12 -16 -28 -30 -34 -36 -52 -56 -62 -62 -66 -68 -68 -76 -94 -96
Case #17: -99 -99 -99 100 -99 98 -95 -95 96 -93 94 -91 -89 92 -89 -87 -75 -75 88 -71 86 86 -71 -61 -53 -49 -39 -29 -27 84 -17 -15 -13 -7 82 21 21 25 31 37 37 39 41 45 80 74 51 53 57 57 72 59 65 70 67 73 64 73 75 62 52 77 50 79 85 87 87 93 50 30 24 22 16 10 6 2 0 0 0 0 0 -6 -22 -24 -28 -34 -36 -36 -40 -54 -54 -58 -58 -58 -64 -66 -72 -80 -84 -100
Case #18: -99 -95 98 90 -93 -91 -83 -81 -81 -75 -71 86 -63 -61 -29 -25 -23 84 -23 -19 -15 82 80 -9 74 -5 -3 -3 68 -1 1 52 1 3 3 50 48 44 9 38 30 9 27 28 31 35 39 24 22 41 14 43 14 10 47 55 0 57 61 61 0 65 65 0 67 69 -2 73 -2 73 79 -2 91 93 93 -8 -12 -14 -16 -20 -28 -30 -40 -48 -52 -52 -56 -58 -60 -60 -60 -70 -70 -72 -84 -90 -90 -94 -98 -100
Case #19: -99 -97 -95 -93 -91 -85 -83 -77 100 -71 -53 -47 86 -45 84 -45 -41 -39 82 68 -35 -29 58 -29 52 -29 -27 -25 -21 -15 40 -9 -7 -5 -5 36 7 17 36 34 32 25 25 31 30 47 28 26 14 51 10 57 8 57 69 71 71 75 79 81 89 89 91 93 95 95 6 0 0 -2 -16 -18 -22 -38 -46 -52 -58 -62 -64 -76 -78 -84 -86 -86 -88 -88
Case #20: -85 -71 -69 94 -61 -57 86 84 70 -49 -47 48 -39 -31 46 -27 -25 -21 -15 -9 -5 24 3 12 17 12 12 23 6 6 2 29 31 37 -6 37 -6 -30 -32 39 53 53 63 -42 -60 -66 63 67 69 83 -82 -100 91 95 95 97
Case #21: -95 100 98 -87 98 88 -83 -73 -69 -69 -61 -61 86 -53 82 82 80 -49 54 -47 54 -31 48 46 -25 -21 44 -21 -5 -1 5 11 15 44 42 25 27 40 36 35 45 49 57 34 28 24 61 63 63 18 65 18 14 69 71 8 73 73 2 0 0 73 83 0 83 0 83 85 85 93 93 -14 -16 97 97 -18 -20 -22 -28 -30 -32 -44 -50 -52 -58 -64 -66 -70 -72 -74 -80 -80 -82 -84 -90 -96 -100
Case #22: 100 -87 20 20 -83 -79 0 -33 33 -12 -12 75 -100 91
Case #23: -26 -45 -70 -76 -15 57
Case #24: 100 92 -53 60 54 -51 26 -4 -18 -24 -28 -21 -17 5 13 25 -70 29 31 37 47 55 61 -74 67 -96
Case #25: -95 -69 82 80 -53 15 31 39 65 56 36 28 22 16 8 2 -4 -26 -50 -54
Case #26: -75 90 80 78 -71 76 -69 -43 74 -41 -37 -33 58 50 26 -3 22 11 11 16 11 21 21 27 43 45 55 67 77 91 14 6 4 0 -2 -6 -18 -18 -20 -20 -28 -48 -50 -50 -50 -64 -82
Case #27: -93 -81 -79 -79 100 -79 -69 -65 -49 88 -39 9 11 58 23 40 38 51 63 65 69 34 22 73 12 2 -24 -26 -26 -54
Case #28: -97 -95 -89 -89 -87 -81 -77 -77 -73 -63 -63 100 -55 -55 100 -55 -51 -49 -47 100 98 -45 -43 -35 -23 -15 96 96 1 90 5 11 15 17 35 49 51 57 57 63 63 88 67 69 75 86 76 77 83 64 99 56 56 54 52 50 48 42 38 26 24 20 18 10 10 10 2 0 0 0 0 0 -6 -18 -18 -22 -26 -28 -28 -36 -42 -44 -46 -48 -52 -54 -62 -66 -70 -72 -72 -72 -76 -76 -80 -86 -88 -88 -96 -98
Case #29: -99 -87 -85 -79 96 -75 -73 -73 -67 -65 84 -59 -53 -47 78 -45 76 -41 -31 -29 -25 -21 72 -19 -9 -9 -7 -7 68 1 60 9 58 54 29 41 41 43 45 46 47 44 55 61 61 69 69 71 75 87 89 42 38 30 89 26 10 6 6 2 -20 -24 -24 -26 -28 -30 -32 -38 -42 -42 -48 -52 -60 -62 -64 -72 -76 -80 -82 -84 -88
Case #30: -93 100 -91 -87 -85 98 -81 -77 76 -71 70 68 -71 68 64 -67 -59 -57 64 56 -49 56 -47 -45 -35 -33 -25 -17 -15 -11 -9 46 1 5 36 7 30 13 25 31 37 18 0 41 49 79 87 -6 -8 97 -10 -10 -32 -38 -42 -46 -56 -58 -62 -66 -66 -74 -82 -84 -90 -90 -94 -96 -98 -100
